<?xml version="1.0" encoding="UTF-8"?>
<beans xmlns="http://www.springframework.org/schema/beans"
       xmlns:xsi="http://www.w3.org/2001/XMLSchema-instance"
       xmlns:context="http://www.springframework.org/schema/context"
       xmlns:mvc="http://www.springframework.org/schema/mvc"
       xmlns:jdbc="http://www.springframework.org/schema/jdbc"
       xmlns:jpa="http://www.springframework.org/schema/data/jpa"
       xmlns:tx="http://www.springframework.org/schema/tx"
	xmlns:jms="http://www.springframework.org/schema/integration/jms"
	xmlns:stream="http://www.springframework.org/schema/integration/stream"
	xmlns:int="http://www.springframework.org/schema/integration"

       xsi:schemaLocation="
        http://www.springframework.org/schema/jdbc http://www.springframework.org/schema/jdbc/spring-jdbc-3.2.xsd
        http://www.springframework.org/schema/data/jpa http://www.springframework.org/schema/data/jpa/spring-jpa-1.3.xsd
        http://www.springframework.org/schema/tx http://www.springframework.org/schema/tx/spring-tx-3.2.xsd
        http://www.springframework.org/schema/beans http://www.springframework.org/schema/beans/spring-beans-3.2.xsd
        http://www.springframework.org/schema/context http://www.springframework.org/schema/context/spring-context-3.2.xsd
        http://www.springframework.org/schema/mvc http://www.springframework.org/schema/mvc/spring-mvc-3.2.xsd
        http://www.springframework.org/schema/integration
		http://www.springframework.org/schema/integration/spring-integration.xsd
		http://www.springframework.org/schema/integration/jms
		http://www.springframework.org/schema/integration/jms/spring-integration-jms.xsd
		http://www.springframework.org/schema/integration/stream
		http://www.springframework.org/schema/integration/stream/spring-integration-stream.xsd">

	
<!--  *************************** -->
<!--  Database -->
    
    <bean id="dbcpDataSource" class="org.apache.commons.dbcp.BasicDataSource">
	    <property name="driverClassName" value="org.h2.Driver" />
	    <property name="url" value="jdbc:h2:mem:test"/>
	    <property name="username" value="sa"/>
	    <property name="password" value=""/>
	    <property name="defaultAutoCommit" value="false" />
	</bean>
	
	<jdbc:initialize-database data-source="dbcpDataSource">
    	<jdbc:script location="classpath:changelog.sql"/>
    	<jdbc:script location="classpath:test-data.sql"/>
	</jdbc:initialize-database>
	
	<bean id="dataSource" class="org.springframework.jdbc.datasource.TransactionAwareDataSourceProxy">
    	<constructor-arg ref="dbcpDataSource"/>
	</bean>

    <bean id="txManager" class="org.springframework.jdbc.datasource.DataSourceTransactionManager">
    	<property name="dataSource" ref="dataSource"/>
	</bean>

    <tx:annotation-driven transaction-manager="txManager" />
    
    <context:annotation-config/>

    <context:component-scan base-package="com.rdkc.linked.hint"/>

    <context:property-placeholder location="classpath:linkedIn.properties" system-properties-mode="OVERRIDE" />
    <bean id="profileService" class="com.rdkc.linked.hint.service.ProfileService"> 
   		<property name="accountApiKey" value="${linkedIn.accountApiKey}" />
   		<property name="accountSecretKey" value="${linkedIn.accountSecretKey}" />
   		<property name="token" value="${linkedIn.token}" />
   		<property name="tokenSecret" value="${linkedIn.tokenSecret}" />
   </bean>
  </beans>